<?xml version="1.0" encoding="UTF-8"?>
<testng-results ignored="0" total="1" passed="1" failed="0" skipped="0">
  <reporter-output>
  </reporter-output>
  <suite started-at="2023-03-03T08:42:48 IST" name="Suite" finished-at="2023-03-03T08:43:11 IST" duration-ms="22791">
    <groups>
    </groups>
    <test started-at="2023-03-03T08:42:48 IST" name="Test" finished-at="2023-03-03T08:43:11 IST" duration-ms="22791">
      <class name="com.AdminProject.TestClass.LoginTestVerification">
        <test-method is-config="true" signature="setReport()[pri:0, instance:com.AdminProject.TestClass.LoginTestVerification@36bc55de]" started-at="2023-03-03T08:42:48 IST" name="setReport" finished-at="2023-03-03T08:42:48 IST" duration-ms="256" status="PASS">
          <reporter-output>
          </reporter-output>
        </test-method> <!-- setReport -->
        <test-method is-config="true" signature="initialize(java.lang.String)[pri:0, instance:com.AdminProject.TestClass.LoginTestVerification@36bc55de]" started-at="2023-03-03T08:42:48 IST" name="initialize" finished-at="2023-03-03T08:42:50 IST" duration-ms="2065" status="PASS">
          <params>
            <param index="0">
              <value>
                <![CDATA[MicrosoftEdge]]>
              </value>
            </param>
          </params>
          <reporter-output>
          </reporter-output>
        </test-method> <!-- initialize -->
        <test-method signature="LoginTest()[pri:0, instance:com.AdminProject.TestClass.LoginTestVerification@36bc55de]" started-at="2023-03-03T08:42:50 IST" name="LoginTest" finished-at="2023-03-03T08:43:11 IST" duration-ms="20321" status="PASS">
          <reporter-output>
          </reporter-output>
        </test-method> <!-- LoginTest -->
        <test-method is-config="true" signature="CloseBrowser()[pri:0, instance:com.AdminProject.TestClass.LoginTestVerification@36bc55de]" started-at="2023-03-03T08:43:11 IST" name="CloseBrowser" finished-at="2023-03-03T08:43:11 IST" duration-ms="376" status="PASS">
          <reporter-output>
          </reporter-output>
        </test-method> <!-- CloseBrowser -->
        <test-method is-config="true" signature="endReport()[pri:0, instance:com.AdminProject.TestClass.LoginTestVerification@36bc55de]" started-at="2023-03-03T08:43:11 IST" name="endReport" finished-at="2023-03-03T08:43:12 IST" duration-ms="679" status="PASS">
          <reporter-output>
          </reporter-output>
        </test-method> <!-- endReport -->
      </class> <!-- com.AdminProject.TestClass.LoginTestVerification -->
    </test> <!-- Test -->
  </suite> <!-- Suite -->
</testng-results>
